Determining if the pthread_create exist failed with the following output:
Change Dir: /home/alian/git/cpp11_examples/lamda/CMakeFiles/CMakeTmp

Run Build Command:"/usr/bin/make" "cmTC_df55c/fast"
/usr/bin/make -f CMakeFiles/cmTC_df55c.dir/build.make CMakeFiles/cmTC_df55c.dir/build
make[1]: Entering directory '/home/alian/git/cpp11_examples/lamda/CMakeFiles/CMakeTmp'
Building C object CMakeFiles/cmTC_df55c.dir/CheckSymbolExists.c.o
/usr/bin/cc     -o CMakeFiles/cmTC_df55c.dir/CheckSymbolExists.c.o   -c /home/alian/git/cpp11_examples/lamda/CMakeFiles/CMakeTmp/CheckSymbolExists.c
Linking C executable cmTC_df55c
/usr/bin/cmake -E cmake_link_script CMakeFiles/cmTC_df55c.dir/link.txt --verbose=1
/usr/bin/cc       CMakeFiles/cmTC_df55c.dir/CheckSymbolExists.c.o  -o cmTC_df55c -rdynamic 
CMakeFiles/cmTC_df55c.dir/CheckSymbolExists.c.o: In function `main':
CheckSymbolExists.c:(.text+0x16): undefined reference to `pthread_create'
collect2: error: ld returned 1 exit status
CMakeFiles/cmTC_df55c.dir/build.make:97: recipe for target 'cmTC_df55c' failed
make[1]: *** [cmTC_df55c] Error 1
make[1]: Leaving directory '/home/alian/git/cpp11_examples/lamda/CMakeFiles/CMakeTmp'
Makefile:126: recipe for target 'cmTC_df55c/fast' failed
make: *** [cmTC_df55c/fast] Error 2

File /home/alian/git/cpp11_examples/lamda/CMakeFiles/CMakeTmp/CheckSymbolExists.c:
/* */
#include <pthread.h>

int main(int argc, char** argv)
{
  (void)argv;
#ifndef pthread_create
  return ((int*)(&pthread_create))[argc];
#else
  (void)argc;
  return 0;
#endif
}

